\BOOKMARK [1][-]{section.1}{\376\377\000I\000n\000t\000r\000o\000d\000u\000c\000t\000i\000o\000n}{}% 1
\BOOKMARK [1][-]{section.2}{\376\377\000D\000\351\000f\000i\000n\000i\000t\000i\000o\000n\000s}{}% 2
\BOOKMARK [2][-]{subsection.2.1}{\376\377\000C\000o\000l\000l\000o\000\357\000d\000e}{section.2}% 3
\BOOKMARK [2][-]{subsection.2.2}{\376\377\000F\000a\000m\000i\000l\000l\000e\000s\000\040\000d\000e\000\040\000c\000o\000m\000p\000o\000s\000\351\000s\000\040\000m\000a\000g\000n\000\351\000t\000i\000q\000u\000e\000s}{section.2}% 4
\BOOKMARK [2][-]{subsection.2.3}{\376\377\000F\000e\000r\000r\000o\000f\000l\000u\000i\000d\000e\000s}{section.2}% 5
\BOOKMARK [1][-]{section.3}{\376\377\000N\000o\000t\000i\000o\000n\000s\000\040\000d\000'\000h\000y\000d\000r\000o\000d\000y\000n\000a\000m\000i\000q\000u\000e}{}% 6
\BOOKMARK [2][-]{subsection.3.1}{\376\377\000T\000e\000n\000s\000i\000o\000n\000\040\000d\000e\000\040\000s\000u\000r\000f\000a\000c\000e}{section.3}% 7
\BOOKMARK [2][-]{subsection.3.2}{\376\377\000C\000o\000u\000r\000b\000u\000r\000e}{section.3}% 8
\BOOKMARK [2][-]{subsection.3.3}{\376\377\000A\000n\000g\000l\000e\000\040\000d\000e\000\040\000m\000o\000u\000i\000l\000l\000a\000g\000e\000\040\000h\000y\000d\000r\000o\000d\000y\000n\000a\000m\000i\000q\000u\000e}{section.3}% 9
\BOOKMARK [1][-]{section.4}{\376\377\000N\000o\000t\000i\000o\000n\000s\000\040\000d\000'\000\351\000l\000e\000c\000t\000r\000o\000m\000a\000g\000n\000\351\000t\000i\000s\000m\000e}{}% 10
\BOOKMARK [2][-]{subsection.4.1}{\376\377\000M\000o\000m\000e\000n\000t\000\040\000m\000a\000g\000n\000\351\000t\000i\000q\000u\000e\000\040\000e\000t\000\040\000A\000i\000m\000a\000n\000t\000a\000t\000i\000o\000n}{section.4}% 11
\BOOKMARK [2][-]{subsection.4.2}{\376\377\000\311\000q\000u\000a\000t\000i\000o\000n\000s\000\040\000d\000e\000\040\000M\000a\000x\000w\000e\000l\000l\000\040\000e\000t\000\040\000t\000h\000\351\000o\000r\000\350\000m\000e\000\040\000d\000'\000A\000m\000p\000\350\000r\000e}{section.4}% 12
\BOOKMARK [1][-]{section.5}{\376\377\000\311\000q\000u\000a\000t\000i\000o\000n\000\040\000d\000e\000\040\000l\000a\000\040\000s\000u\000r\000f\000a\000c\000e}{}% 13
\BOOKMARK [2][-]{subsection.5.1}{\376\377\000C\000o\000n\000f\000i\000g\000u\000r\000a\000t\000i\000o\000n\000\040\000\311\000t\000u\000d\000i\000\351\000e}{section.5}% 14
\BOOKMARK [2][-]{subsection.5.2}{\376\377\000\311\000q\000u\000a\000t\000i\000o\000n\000\040\000a\000s\000s\000o\000c\000i\000\351\000e}{section.5}% 15
\BOOKMARK [1][-]{section.6}{\376\377\000R\000\351\000s\000o\000l\000u\000t\000i\000o\000n\000\040\000n\000u\000m\000\351\000r\000i\000q\000u\000e\000\040\000d\000e\000\040\000l\000'\000\351\000q\000u\000a\000t\000i\000o\000n}{}% 16
\BOOKMARK [2][-]{subsection.6.1}{\376\377\000R\000\351\000s\000o\000l\000u\000t\000i\000o\000n\000\040\000s\000a\000n\000s\000\040\000c\000h\000a\000m\000p\000\040\000m\000a\000g\000n\000\351\000t\000i\000q\000u\000e}{section.6}% 17
\BOOKMARK [3][-]{subsubsection.6.1.1}{\376\377\000R\000\351\000s\000o\000l\000u\000t\000i\000o\000n\000\040\000t\000h\000\351\000o\000r\000i\000q\000u\000e\000\040\000d\000e\000\040\000l\000'\000\351\000q\000u\000a\000t\000i\000o\000n}{subsection.6.1}% 18
\BOOKMARK [3][-]{subsubsection.6.1.2}{\376\377\000R\000\351\000s\000o\000l\000u\000t\000i\000o\000n\000\040\000n\000u\000m\000\351\000r\000i\000q\000u\000e\000\040\000d\000e\000\040\000l\000'\000\351\000q\000u\000a\000t\000i\000o\000n}{subsection.6.1}% 19
\BOOKMARK [2][-]{subsection.6.2}{\376\377\000R\000\351\000s\000o\000l\000u\000t\000i\000o\000n\000\040\000s\000a\000n\000s\000\040\000t\000e\000r\000m\000e\000\040\000d\000i\000f\000f\000\351\000r\000e\000n\000t\000i\000e\000l}{section.6}% 20
\BOOKMARK [3][-]{subsubsection.6.2.1}{\376\377\000C\000h\000a\000m\000p\000s\000\040\000m\000a\000g\000n\000\351\000t\000i\000q\000u\000e\000s\000:\000\040\000N\000a\000p\000p\000e\000\040\000d\000e\000\040\000c\000o\000u\000r\000a\000n\000t}{subsection.6.2}% 21
\BOOKMARK [3][-]{subsubsection.6.2.2}{\376\377\000C\000h\000a\000m\000p\000s\000\040\000m\000a\000g\000n\000\351\000t\000i\000q\000u\000e\000s\000\040\000:\000\040\000F\000i\000l\000s\000\040}{subsection.6.2}% 22
\BOOKMARK [3][-]{subsubsection.6.2.3}{\376\377\000C\000h\000a\000m\000p\000s\000\040\000m\000a\000g\000n\000\351\000t\000i\000q\000u\000e\000s\000:\000\040\000D\000i\000p\000\364\000l\000e\000\040\000m\000a\000g\000n\000\351\000t\000i\000q\000u\000e}{subsection.6.2}% 23
\BOOKMARK [2][-]{subsection.6.3}{\376\377\000S\000c\000h\000\351\000m\000a\000\040\000n\000u\000m\000\351\000r\000i\000q\000u\000e}{section.6}% 24
\BOOKMARK [2][-]{subsection.6.4}{\376\377\000R\000\351\000s\000o\000l\000u\000t\000i\000o\000n\000\040\000G\000\351\000n\000\351\000r\000a\000l\000e}{section.6}% 25
\BOOKMARK [1][-]{section.7}{\376\377\000B\000i\000l\000a\000n\000\040\000E\000t\000h\000i\000q\000u\000e}{}% 26
\BOOKMARK [1][-]{section.8}{\376\377\000B\000i\000l\000a\000n\000\040\000p\000e\000r\000s\000o\000n\000n\000e\000l}{}% 27
\BOOKMARK [2][-]{subsection.8.1}{\376\377\000M\000a\000t\000h\000i\000e\000u\000\040\000N\000g\000u\000y\000e\000n}{section.8}% 28
\BOOKMARK [2][-]{subsection.8.2}{\376\377\000L\000\351\000o\000-\000P\000a\000u\000l\000\040\000B\000a\000u\000d\000e\000t}{section.8}% 29
\BOOKMARK [2][-]{subsection.8.3}{\376\377\000P\000a\000u\000l\000i\000n\000e\000\040\000T\000o\000u\000r\000n\000i\000e\000r}{section.8}% 30
\BOOKMARK [2][-]{subsection.8.4}{\376\377\000L\000u\000c\000i\000e\000\040\000M\000i\000n\000i\000a\000o\000u}{section.8}% 31
\BOOKMARK [1][-]{section.9}{\376\377\000C\000o\000n\000c\000l\000u\000s\000i\000o\000n}{}% 32
\BOOKMARK [0][-]{part*.11}{\376\377\000A\000n\000n\000e\000x\000e\000\040\000:}{}% 33
